<?xml version="1.0" encoding="UTF-8"?>
<!-- Generated by org.testng.reporters.JUnitXMLReporter -->
<testsuite ignored="0" hostname="LAPTOP-634875P7" failures="3" tests="13" name="Automation Test get users" time="3.075" errors="0" timestamp="2025-04-10T18:40:53 IST">
  <testcase classname="userManagement.getuser" name="getuserdata" time="0.258"/>
  <testcase classname="userManagement.getuser" name="readdatafromjsonreaderfile" time="0.001">
    <failure type="org.json.simple.parser.ParseException">
      <![CDATA[Unexpected token COMMA(,) at position 96.
at org.json.simple.parser.JSONParser.parse(JSONParser.java:257)
at org.json.simple.parser.JSONParser.parse(JSONParser.java:81)
at org.json.simple.parser.JSONParser.parse(JSONParser.java:75)
at utils.jsonReader.getJsonData(jsonReader.java:28)
at utils.jsonReader.getTestData(jsonReader.java:17)
at userManagement.getuser.readdatafromjsonreaderfile(getuser.java:140)
at java.base/java.util.ArrayList.forEach(ArrayList.java:1596)
at java.base/java.util.concurrent.FutureTask.run(FutureTask.java:317)
at java.base/java.util.concurrent.ThreadPoolExecutor.runWorker(ThreadPoolExecutor.java:1144)
at java.base/java.util.concurrent.ThreadPoolExecutor$Worker.run(ThreadPoolExecutor.java:642)
at java.base/java.lang.Thread.run(Thread.java:1583)
... Removed 16 stack frames]]>
    </failure>
  </testcase> <!-- readdatafromjsonreaderfile -->
  <testcase classname="userManagement.getuser" name="readdatafrompropertiesfile" time="0.16"/>
  <testcase classname="userManagement.getuser" name="testCreateUserWithFormParam" time="0.575">
    <failure type="java.lang.AssertionError" message="1 expectation failed.
Expected status code &amp;lt;201&amp;gt; but was &amp;lt;415&amp;gt;.
">
      <![CDATA[java.lang.AssertionError: 1 expectation failed.
Expected status code <201> but was <415>.

at org.codehaus.groovy.runtime.callsite.ConstructorSite$ConstructorSiteNoUnwrapNoCoerce.callConstructor(ConstructorSite.java:108)
at org.codehaus.groovy.runtime.callsite.CallSiteArray.defaultCallConstructor(CallSiteArray.java:57)
at org.codehaus.groovy.runtime.callsite.AbstractCallSite.callConstructor(AbstractCallSite.java:263)
at org.codehaus.groovy.runtime.callsite.AbstractCallSite.callConstructor(AbstractCallSite.java:277)
at io.restassured.internal.ResponseSpecificationImpl$HamcrestAssertionClosure.validate(ResponseSpecificationImpl.groovy:512)
at io.restassured.internal.ResponseSpecificationImpl$HamcrestAssertionClosure$validate$3.call(Unknown Source)
at io.restassured.internal.ResponseSpecificationImpl.validateResponseIfRequired(ResponseSpecificationImpl.groovy:696)
at io.restassured.internal.ResponseSpecificationImpl.this$2$validateResponseIfRequired(ResponseSpecificationImpl.groovy)
at org.codehaus.groovy.runtime.callsite.PlainObjectMetaMethodSite.doInvoke(PlainObjectMetaMethodSite.java:43)
at org.codehaus.groovy.runtime.callsite.PogoMetaMethodSite$PogoCachedMethodSiteNoUnwrapNoCoerce.invoke(PogoMetaMethodSite.java:198)
at org.codehaus.groovy.runtime.callsite.PogoMetaMethodSite.callCurrent(PogoMetaMethodSite.java:62)
at org.codehaus.groovy.runtime.callsite.AbstractCallSite.callCurrent(AbstractCallSite.java:185)
at io.restassured.internal.ResponseSpecificationImpl.statusCode(ResponseSpecificationImpl.groovy:135)
at io.restassured.specification.ResponseSpecification$statusCode$1.callCurrent(Unknown Source)
at io.restassured.internal.ResponseSpecificationImpl.statusCode(ResponseSpecificationImpl.groovy:143)
at io.restassured.internal.ValidatableResponseOptionsImpl.statusCode(ValidatableResponseOptionsImpl.java:89)
at userManagement.getuser.testCreateUserWithFormParam(getuser.java:77)
at java.base/java.util.ArrayList.forEach(ArrayList.java:1596)
at java.base/java.util.concurrent.FutureTask.run(FutureTask.java:317)
at java.base/java.util.concurrent.ThreadPoolExecutor.runWorker(ThreadPoolExecutor.java:1144)
at java.base/java.util.concurrent.ThreadPoolExecutor$Worker.run(ThreadPoolExecutor.java:642)
at java.base/java.lang.Thread.run(Thread.java:1583)
... Removed 22 stack frames]]>
    </failure>
  </testcase> <!-- testCreateUserWithFormParam -->
  <testcase classname="userManagement.getuser" name="testFetchHeadersfromresponseandvalidate" time="0.142"/>
  <testcase classname="userManagement.getuser" name="testGetUserListWithHeader" time="0.147"/>
  <testcase classname="userManagement.getuser" name="testGetUserListusingMap" time="0.133"/>
  <testcase classname="userManagement.getuser" name="testGetUsersWithMultipleQueryParams" time="0.147"/>
  <testcase classname="userManagement.getuser" name="testGetUsersWithQueryParameters" time="0.734"/>
  <testcase classname="userManagement.getuser" name="testWithTwoHeaders" time="0.123"/>
  <testcase classname="userManagement.getuser" name="validateFromPropertiesandTestData" time="0.002">
    <failure type="org.json.simple.parser.ParseException">
      <![CDATA[Unexpected token COMMA(,) at position 96.
at org.json.simple.parser.JSONParser.parse(JSONParser.java:257)
at org.json.simple.parser.JSONParser.parse(JSONParser.java:81)
at org.json.simple.parser.JSONParser.parse(JSONParser.java:75)
at utils.jsonReader.getJsonData(jsonReader.java:28)
at utils.jsonReader.getTestData(jsonReader.java:17)
at userManagement.getuser.validateFromPropertiesandTestData(getuser.java:163)
at java.base/java.util.ArrayList.forEach(ArrayList.java:1596)
at java.base/java.util.concurrent.FutureTask.run(FutureTask.java:317)
at java.base/java.util.concurrent.ThreadPoolExecutor.runWorker(ThreadPoolExecutor.java:1144)
at java.base/java.util.concurrent.ThreadPoolExecutor$Worker.run(ThreadPoolExecutor.java:642)
at java.base/java.lang.Thread.run(Thread.java:1583)
... Removed 16 stack frames]]>
    </failure>
  </testcase> <!-- validateFromPropertiesandTestData -->
  <testcase classname="userManagement.getuser" name="validateStatusCodeGetUser" time="0.127"/>
  <testcase classname="userManagement.getuser" name="verifyStatusCodeDelete" time="0.506"/>
</testsuite> <!-- Automation Test get users -->
