<?xml version="1.0" encoding="UTF-8"?>
<!-- Generated by org.testng.reporters.JUnitXMLReporter -->
<testsuite ignored="5" hostname="LAPTOP-634875P7" failures="4" tests="18" name="userManagement" time="8.496" errors="0" timestamp="2025-04-10T18:41:10 IST">
  <testcase classname="userManagement.ergast" name="printresponsebodyinconsole" time="1.954"/>
  <testcase classname="userManagement.getuser" name="readdatafromjsonreaderfile" time="0.025">
    <failure type="org.json.simple.parser.ParseException">
      <![CDATA[Unexpected token COMMA(,) at position 96.
at org.json.simple.parser.JSONParser.parse(JSONParser.java:257)
at org.json.simple.parser.JSONParser.parse(JSONParser.java:81)
at org.json.simple.parser.JSONParser.parse(JSONParser.java:75)
at utils.jsonReader.getJsonData(jsonReader.java:28)
at utils.jsonReader.getTestData(jsonReader.java:17)
at userManagement.getuser.readdatafromjsonreaderfile(getuser.java:140)
at java.base/java.util.ArrayList.forEach(ArrayList.java:1596)
... Removed 25 stack frames]]>
    </failure>
  </testcase> <!-- readdatafromjsonreaderfile -->
  <testcase classname="userManagement.getuser" name="readdatafrompropertiesfile" time="0.319"/>
  <testcase classname="userManagement.getuser" name="testCreateUserWithFormParam" time="0.66">
    <failure type="java.lang.AssertionError" message="1 expectation failed.
Expected status code &amp;lt;201&amp;gt; but was &amp;lt;415&amp;gt;.
">
      <![CDATA[java.lang.AssertionError: 1 expectation failed.
Expected status code <201> but was <415>.

at org.codehaus.groovy.runtime.callsite.ConstructorSite$ConstructorSiteNoUnwrapNoCoerce.callConstructor(ConstructorSite.java:108)
at org.codehaus.groovy.runtime.callsite.CallSiteArray.defaultCallConstructor(CallSiteArray.java:57)
at org.codehaus.groovy.runtime.callsite.AbstractCallSite.callConstructor(AbstractCallSite.java:263)
at org.codehaus.groovy.runtime.callsite.AbstractCallSite.callConstructor(AbstractCallSite.java:277)
at io.restassured.internal.ResponseSpecificationImpl$HamcrestAssertionClosure.validate(ResponseSpecificationImpl.groovy:512)
at io.restassured.internal.ResponseSpecificationImpl$HamcrestAssertionClosure$validate$1.call(Unknown Source)
at org.codehaus.groovy.runtime.callsite.CallSiteArray.defaultCall(CallSiteArray.java:45)
at org.codehaus.groovy.runtime.callsite.AbstractCallSite.call(AbstractCallSite.java:125)
at org.codehaus.groovy.runtime.callsite.AbstractCallSite.call(AbstractCallSite.java:139)
at io.restassured.internal.ResponseSpecificationImpl.validateResponseIfRequired(ResponseSpecificationImpl.groovy:696)
at io.restassured.internal.ResponseSpecificationImpl.this$2$validateResponseIfRequired(ResponseSpecificationImpl.groovy)
at org.codehaus.groovy.runtime.callsite.PlainObjectMetaMethodSite.doInvoke(PlainObjectMetaMethodSite.java:43)
at org.codehaus.groovy.runtime.callsite.PogoMetaMethodSite$PogoCachedMethodSiteNoUnwrapNoCoerce.invoke(PogoMetaMethodSite.java:198)
at org.codehaus.groovy.runtime.callsite.PogoMetaMethodSite.callCurrent(PogoMetaMethodSite.java:62)
at org.codehaus.groovy.runtime.callsite.CallSiteArray.defaultCallCurrent(CallSiteArray.java:49)
at org.codehaus.groovy.runtime.callsite.AbstractCallSite.callCurrent(AbstractCallSite.java:171)
at org.codehaus.groovy.runtime.callsite.AbstractCallSite.callCurrent(AbstractCallSite.java:185)
at io.restassured.internal.ResponseSpecificationImpl.statusCode(ResponseSpecificationImpl.groovy:135)
at io.restassured.specification.ResponseSpecification$statusCode$0.callCurrent(Unknown Source)
at org.codehaus.groovy.runtime.callsite.CallSiteArray.defaultCallCurrent(CallSiteArray.java:49)
at org.codehaus.groovy.runtime.callsite.AbstractCallSite.callCurrent(AbstractCallSite.java:171)
at org.codehaus.groovy.runtime.callsite.AbstractCallSite.callCurrent(AbstractCallSite.java:185)
at io.restassured.internal.ResponseSpecificationImpl.statusCode(ResponseSpecificationImpl.groovy:143)
at io.restassured.internal.ValidatableResponseOptionsImpl.statusCode(ValidatableResponseOptionsImpl.java:89)
at userManagement.getuser.testCreateUserWithFormParam(getuser.java:77)
at java.base/java.util.ArrayList.forEach(ArrayList.java:1596)
... Removed 31 stack frames]]>
    </failure>
  </testcase> <!-- testCreateUserWithFormParam -->
  <testcase classname="userManagement.getuser" name="testFetchHeadersfromresponseandvalidate" time="0.153"/>
  <testcase classname="userManagement.getuser" name="testGetUserListWithHeader" time="0.152"/>
  <testcase classname="userManagement.getuser" name="testGetUserListusingMap" time="0.152"/>
  <testcase classname="userManagement.getuser" name="testGetUsersWithMultipleQueryParams" time="0.141"/>
  <testcase classname="userManagement.getuser" name="testGetUsersWithQueryParameters" time="0.748"/>
  <testcase classname="userManagement.getuser" name="testWithTwoHeaders" time="0.124"/>
  <testcase classname="userManagement.getuser" name="validateFromPropertiesandTestData" time="0.003">
    <failure type="org.json.simple.parser.ParseException">
      <![CDATA[Unexpected token COMMA(,) at position 96.
at org.json.simple.parser.JSONParser.parse(JSONParser.java:257)
at org.json.simple.parser.JSONParser.parse(JSONParser.java:81)
at org.json.simple.parser.JSONParser.parse(JSONParser.java:75)
at utils.jsonReader.getJsonData(jsonReader.java:28)
at utils.jsonReader.getTestData(jsonReader.java:17)
at userManagement.getuser.validateFromPropertiesandTestData(getuser.java:163)
at java.base/java.util.ArrayList.forEach(ArrayList.java:1596)
... Removed 25 stack frames]]>
    </failure>
  </testcase> <!-- validateFromPropertiesandTestData -->
  <testcase classname="userManagement.getuser" name="validateStatusCodeGetUser" time="0.129"/>
  <testcase classname="userManagement.getuser" name="verifyStatusCodeDelete" time="1.264"/>
  <testcase classname="userManagement.echopostman" name="readdatafromjsonreaderfile" time="0.001">
    <failure type="org.json.simple.parser.ParseException">
      <![CDATA[Unexpected token COMMA(,) at position 96.
at org.json.simple.parser.JSONParser.parse(JSONParser.java:257)
at org.json.simple.parser.JSONParser.parse(JSONParser.java:81)
at org.json.simple.parser.JSONParser.parse(JSONParser.java:75)
at utils.jsonReader.getJsonData(jsonReader.java:28)
at utils.jsonReader.getTestData(jsonReader.java:17)
at userManagement.echopostman.readdatafromjsonreaderfile(echopostman.java:40)
at java.base/java.util.ArrayList.forEach(ArrayList.java:1596)
... Removed 25 stack frames]]>
    </failure>
  </testcase> <!-- readdatafromjsonreaderfile -->
  <testcase classname="userManagement.echopostman" name="validateResponseBodyGetDigestAuth" time="1.821"/>
  <testcase classname="userManagement.jsonplaceholder" name="validateGetResponseBody" time="0.25"/>
  <testcase classname="userManagement.jsonplaceholder" name="validateListContainsInOrder" time="0.251"/>
  <testcase classname="userManagement.jsonplaceholder" name="validateResponseHasItems" time="0.285"/>
  <testcase classname="userManagement.ergast" name="validateResponseBodyGetPathParam" time="0.0">
    <ignored/>
  </testcase> <!-- validateResponseBodyGetPathParam -->
  <testcase classname="userManagement.jsonplaceholder" name="validateResponseHasSize" time="0.0">
    <ignored/>
  </testcase> <!-- validateResponseHasSize -->
  <testcase classname="userManagement.echopostman" name="validateResponseBodyGetBasicAuth" time="0.0">
    <ignored/>
  </testcase> <!-- validateResponseBodyGetBasicAuth -->
  <testcase classname="userManagement.echopostman" name="Test" time="0.0">
    <ignored/>
  </testcase> <!-- Test -->
  <testcase classname="userManagement.getuser" name="getuserdata" time="0.0">
    <ignored/>
  </testcase> <!-- getuserdata -->
</testsuite> <!-- userManagement -->
